<?xml version="1.0" encoding="utf-8"?><testsuites name="pytest tests"><testsuite name="pytest" errors="0" failures="0" skipped="0" tests="13" time="35.183" timestamp="2026-04-29T19:54:50.038580+00:00" hostname="agent-env-402a16b0-daa0-488f-a253-ace28ef6d899"><testcase classname="backend.tests.test_iteration3.TestPrompts" name="test_list_seeded" time="0.743" /><testcase classname="backend.tests.test_iteration3.TestPrompts" name="test_worker_forbidden_list" time="0.574" /><testcase classname="backend.tests.test_iteration3.TestPrompts" name="test_patch_persists" time="0.518" /><testcase classname="backend.tests.test_iteration3.TestPrompts" name="test_worker_patch_forbidden" time="0.307" /><testcase classname="backend.tests.test_iteration3.TestProductGenerationFromDb" name="test_generate_three_unique" time="26.285" /><testcase classname="backend.tests.test_iteration3.TestChangePassword" name="test_wrong_current_400" time="0.443" /><testcase classname="backend.tests.test_iteration3.TestChangePassword" name="test_change_then_login_then_revert" time="2.751" /><testcase classname="backend.tests.test_iteration3.TestAdminResetPassword" name="test_admin_can_reset_worker_then_revert" time="1.468" /><testcase classname="backend.tests.test_iteration3.TestAdminResetPassword" name="test_worker_cannot_reset" time="0.227" /><testcase classname="backend.tests.test_iteration3.TestRoleChange" name="test_admin_can_change_role" time="1.122" /><testcase classname="backend.tests.test_iteration3.TestTimesheetPDF" name="test_admin_pdf_7d" time="0.394" /><testcase classname="backend.tests.test_iteration3.TestTimesheetPDF" name="test_admin_pdf_30d" time="0.165" /><testcase classname="backend.tests.test_iteration3.TestTimesheetPDF" name="test_worker_forbidden" time="0.122" /></testsuite></testsuites>