<?xml version="1.0" encoding="utf-8"?><testsuites name="pytest tests"><testsuite name="pytest" errors="0" failures="0" skipped="0" tests="10" time="32.102" timestamp="2026-04-29T19:16:01.130111+00:00" hostname="agent-env-402a16b0-daa0-488f-a253-ace28ef6d899"><testcase classname="backend.tests.test_iteration2.TestCMSPayload" name="test_admin_can_get_cms_payload" time="1.294" /><testcase classname="backend.tests.test_iteration2.TestCMSPayload" name="test_worker_forbidden_cms_payload" time="0.734" /><testcase classname="backend.tests.test_iteration2.TestPricingMetaPatch" name="test_admin_can_set_pricing_meta_and_final_price" time="0.410" /><testcase classname="backend.tests.test_iteration2.TestPricingMetaPatch" name="test_worker_pricing_meta_silently_stripped" time="10.426" /><testcase classname="backend.tests.test_iteration2.TestBulkUpload" name="test_admin_bulk_upload" time="0.498" /><testcase classname="backend.tests.test_iteration2.TestBulkUpload" name="test_worker_bulk_upload_forbidden" time="0.138" /><testcase classname="backend.tests.test_iteration2.TestVariations" name="test_list_variations_shape" time="0.112" /><testcase classname="backend.tests.test_iteration2.TestVariations" name="test_enhance_then_list_grows_or_500" time="18.179" /><testcase classname="backend.tests.test_iteration2.TestDashboardSanity" name="test_dashboard_stats" time="0.136" /><testcase classname="backend.tests.test_iteration2.TestDashboardSanity" name="test_live_users" time="0.112" /></testsuite></testsuites>