<?xml version="1.0" encoding="utf-8"?><testsuites name="pytest tests"><testsuite name="pytest" errors="0" failures="0" skipped="0" tests="34" time="22.171" timestamp="2026-04-29T18:49:13.191425+00:00" hostname="agent-env-402a16b0-daa0-488f-a253-ace28ef6d899"><testcase classname="backend.tests.backend_test" name="test_admin_login" time="0.542" /><testcase classname="backend.tests.backend_test" name="test_worker_login" time="0.408" /><testcase classname="backend.tests.backend_test" name="test_auth_me" time="0.117" /><testcase classname="backend.tests.backend_test" name="test_login_bad_creds" time="0.384" /><testcase classname="backend.tests.backend_test" name="test_worker_blocked_admin" time="0.264" /><testcase classname="backend.tests.backend_test" name="test_admin_list_users" time="0.134" /><testcase classname="backend.tests.backend_test" name="test_admin_create_user" time="0.392" /><testcase classname="backend.tests.backend_test" name="test_admin_patch_user" time="0.129" /><testcase classname="backend.tests.backend_test" name="test_worker_punch_in" time="0.108" /><testcase classname="backend.tests.backend_test" name="test_attendance_me" time="0.106" /><testcase classname="backend.tests.backend_test" name="test_break_start_end" time="0.290" /><testcase classname="backend.tests.backend_test" name="test_heartbeat" time="0.244" /><testcase classname="backend.tests.backend_test" name="test_pricing_rules_get" time="0.109" /><testcase classname="backend.tests.backend_test" name="test_pricing_rules_put" time="0.118" /><testcase classname="backend.tests.backend_test" name="test_categories_list" time="0.159" /><testcase classname="backend.tests.backend_test" name="test_naming_families" time="0.110" /><testcase classname="backend.tests.backend_test" name="test_settings_get_patch" time="0.332" /><testcase classname="backend.tests.backend_test" name="test_image_upload" time="0.276" /><testcase classname="backend.tests.backend_test" name="test_image_list" time="0.121" /><testcase classname="backend.tests.backend_test" name="test_image_download_query_auth" time="0.218" /><testcase classname="backend.tests.backend_test" name="test_image_download_no_auth" time="0.114" /><testcase classname="backend.tests.backend_test" name="test_image_patch" time="0.109" /><testcase classname="backend.tests.backend_test" name="test_worker_generate_product_no_pricing_meta" time="7.917" /><testcase classname="backend.tests.backend_test" name="test_admin_generate_has_pricing_meta" time="7.924" /><testcase classname="backend.tests.backend_test" name="test_worker_list_products_no_meta" time="0.272" /><testcase classname="backend.tests.backend_test" name="test_admin_list_products_all" time="0.136" /><testcase classname="backend.tests.backend_test" name="test_patch_product" time="0.110" /><testcase classname="backend.tests.backend_test" name="test_export_product" time="0.166" /><testcase classname="backend.tests.backend_test" name="test_dashboard_stats" time="0.119" /><testcase classname="backend.tests.backend_test" name="test_live_users" time="0.148" /><testcase classname="backend.tests.backend_test" name="test_admin_attendance_list" time="0.110" /><testcase classname="backend.tests.backend_test" name="test_activity_logs" time="0.126" /><testcase classname="backend.tests.backend_test" name="test_punch_out" time="0.129" /><testcase classname="backend.tests.backend_test" name="test_logout" time="0.134" /></testsuite></testsuites>